[2025-03-15 21:17:22] local.ERROR: SQLSTATE[42S22]: Column not found: 1054 Unknown column 'updated_at' in 'field list' (SQL: insert into `books` (`title`, `author_id`, `published_date`, `book_image`, `updated_at`, `created_at`) values (just added, 1, 2024-02-07, test.jpg, 2025-03-15 21:17:22, 2025-03-15 21:17:22)) {"exception":"[object] (Illuminate\\Database\\QueryException(code: 42S22): SQLSTATE[42S22]: Column not found: 1054 Unknown column 'updated_at' in 'field list' (SQL: insert into `books` (`title`, `author_id`, `published_date`, `book_image`, `updated_at`, `created_at`) values (just added, 1, 2024-02-07, test.jpg, 2025-03-15 21:17:22, 2025-03-15 21:17:22)) at /Applications/MAMP/htdocs/lumen_o/vendor/illuminate/database/Connection.php:712)
[stacktrace]
#0 /Applications/MAMP/htdocs/lumen_o/vendor/illuminate/database/Connection.php(672): Illuminate\\Database\\Connection->runQueryCallback('insert into `bo...', Array, Object(Closure))
#1 /Applications/MAMP/htdocs/lumen_o/vendor/illuminate/database/Connection.php(490): Illuminate\\Database\\Connection->run('insert into `bo...', Array, Object(Closure))
#2 /Applications/MAMP/htdocs/lumen_o/vendor/illuminate/database/Connection.php(454): Illuminate\\Database\\Connection->statement('insert into `bo...', Array)
#3 /Applications/MAMP/htdocs/lumen_o/vendor/illuminate/database/Query/Processors/Processor.php(32): Illuminate\\Database\\Connection->insert('insert into `bo...', Array)
#4 /Applications/MAMP/htdocs/lumen_o/vendor/illuminate/database/Query/Builder.php(3028): Illuminate\\Database\\Query\\Processors\\Processor->processInsertGetId(Object(Illuminate\\Database\\Query\\Builder), 'insert into `bo...', Array, 'id')
#5 /Applications/MAMP/htdocs/lumen_o/vendor/illuminate/database/Eloquent/Builder.php(1657): Illuminate\\Database\\Query\\Builder->insertGetId(Array, 'id')
#6 /Applications/MAMP/htdocs/lumen_o/vendor/illuminate/database/Eloquent/Model.php(1188): Illuminate\\Database\\Eloquent\\Builder->__call('insertGetId', Array)
#7 /Applications/MAMP/htdocs/lumen_o/vendor/illuminate/database/Eloquent/Model.php(1153): Illuminate\\Database\\Eloquent\\Model->insertAndSetId(Object(Illuminate\\Database\\Eloquent\\Builder), Array)
#8 /Applications/MAMP/htdocs/lumen_o/vendor/illuminate/database/Eloquent/Model.php(994): Illuminate\\Database\\Eloquent\\Model->performInsert(Object(Illuminate\\Database\\Eloquent\\Builder))
#9 /Applications/MAMP/htdocs/lumen_o/vendor/illuminate/database/Eloquent/Builder.php(896): Illuminate\\Database\\Eloquent\\Model->save()
#10 /Applications/MAMP/htdocs/lumen_o/vendor/illuminate/support/helpers.php(263): Illuminate\\Database\\Eloquent\\Builder->Illuminate\\Database\\Eloquent\\{closure}(Object(App\\Models\\Book))
#11 /Applications/MAMP/htdocs/lumen_o/vendor/illuminate/database/Eloquent/Builder.php(895): tap(Object(App\\Models\\Book), Object(Closure))
#12 /Applications/MAMP/htdocs/lumen_o/vendor/illuminate/support/Traits/ForwardsCalls.php(23): Illuminate\\Database\\Eloquent\\Builder->create(Array)
#13 /Applications/MAMP/htdocs/lumen_o/vendor/illuminate/database/Eloquent/Model.php(2132): Illuminate\\Database\\Eloquent\\Model->forwardCallTo(Object(Illuminate\\Database\\Eloquent\\Builder), 'create', Array)
#14 /Applications/MAMP/htdocs/lumen_o/vendor/illuminate/database/Eloquent/Model.php(2144): Illuminate\\Database\\Eloquent\\Model->__call('create', Array)
#15 /Applications/MAMP/htdocs/lumen_o/app/Http/Controllers/BookController.php(37): Illuminate\\Database\\Eloquent\\Model::__callStatic('create', Array)
#16 /Applications/MAMP/htdocs/lumen_o/vendor/illuminate/container/BoundMethod.php(36): App\\Http\\Controllers\\BookController->save(Object(Laravel\\Lumen\\Http\\Request))
#17 /Applications/MAMP/htdocs/lumen_o/vendor/illuminate/container/Util.php(40): Illuminate\\Container\\BoundMethod::Illuminate\\Container\\{closure}()
#18 /Applications/MAMP/htdocs/lumen_o/vendor/illuminate/container/BoundMethod.php(93): Illuminate\\Container\\Util::unwrapIfClosure(Object(Closure))
#19 /Applications/MAMP/htdocs/lumen_o/vendor/illuminate/container/BoundMethod.php(35): Illuminate\\Container\\BoundMethod::callBoundMethod(Object(Laravel\\Lumen\\Application), Array, Object(Closure))
#20 /Applications/MAMP/htdocs/lumen_o/vendor/illuminate/container/Container.php(653): Illuminate\\Container\\BoundMethod::call(Object(Laravel\\Lumen\\Application), Array, Array, NULL)
#21 /Applications/MAMP/htdocs/lumen_o/vendor/laravel/lumen-framework/src/Concerns/RoutesRequests.php(389): Illuminate\\Container\\Container->call(Array, Array)
#22 /Applications/MAMP/htdocs/lumen_o/vendor/laravel/lumen-framework/src/Concerns/RoutesRequests.php(354): Laravel\\Lumen\\Application->callControllerCallable(Array, Array)
#23 /Applications/MAMP/htdocs/lumen_o/vendor/laravel/lumen-framework/src/Concerns/RoutesRequests.php(329): Laravel\\Lumen\\Application->callLumenController(Object(App\\Http\\Controllers\\BookController), 'save', Array)
#24 /Applications/MAMP/htdocs/lumen_o/vendor/laravel/lumen-framework/src/Concerns/RoutesRequests.php(282): Laravel\\Lumen\\Application->callControllerAction(Array)
#25 /Applications/MAMP/htdocs/lumen_o/vendor/laravel/lumen-framework/src/Concerns/RoutesRequests.php(267): Laravel\\Lumen\\Application->callActionOnArrayBasedRoute(Array)
#26 /Applications/MAMP/htdocs/lumen_o/vendor/laravel/lumen-framework/src/Concerns/RoutesRequests.php(169): Laravel\\Lumen\\Application->handleFoundRoute(Array)
#27 /Applications/MAMP/htdocs/lumen_o/vendor/laravel/lumen-framework/src/Routing/Pipeline.php(48): Laravel\\Lumen\\Application->Laravel\\Lumen\\Concerns\\{closure}(Object(Laravel\\Lumen\\Http\\Request))
#28 /Applications/MAMP/htdocs/lumen_o/app/Http/Middleware/CorsMiddleware.php(31): Laravel\\Lumen\\Routing\\Pipeline->Laravel\\Lumen\\Routing\\{closure}(Object(Laravel\\Lumen\\Http\\Request))
#29 /Applications/MAMP/htdocs/lumen_o/vendor/illuminate/pipeline/Pipeline.php(167): App\\Http\\Middleware\\CorsMiddleware->handle(Object(Laravel\\Lumen\\Http\\Request), Object(Closure))
#30 /Applications/MAMP/htdocs/lumen_o/vendor/laravel/lumen-framework/src/Routing/Pipeline.php(30): Illuminate\\Pipeline\\Pipeline->Illuminate\\Pipeline\\{closure}(Object(Laravel\\Lumen\\Http\\Request))
#31 /Applications/MAMP/htdocs/lumen_o/vendor/illuminate/pipeline/Pipeline.php(103): Laravel\\Lumen\\Routing\\Pipeline->Laravel\\Lumen\\Routing\\{closure}(Object(Laravel\\Lumen\\Http\\Request))
#32 /Applications/MAMP/htdocs/lumen_o/vendor/laravel/lumen-framework/src/Concerns/RoutesRequests.php(426): Illuminate\\Pipeline\\Pipeline->then(Object(Closure))
#33 /Applications/MAMP/htdocs/lumen_o/vendor/laravel/lumen-framework/src/Concerns/RoutesRequests.php(165): Laravel\\Lumen\\Application->sendThroughPipeline(Array, Object(Closure))
#34 /Applications/MAMP/htdocs/lumen_o/vendor/laravel/lumen-framework/src/Concerns/RoutesRequests.php(112): Laravel\\Lumen\\Application->dispatch(NULL)
#35 /Applications/MAMP/htdocs/lumen_o/public/index.php(28): Laravel\\Lumen\\Application->run()
#36 {main}

[previous exception] [object] (PDOException(code: 42S22): SQLSTATE[42S22]: Column not found: 1054 Unknown column 'updated_at' in 'field list' at /Applications/MAMP/htdocs/lumen_o/vendor/illuminate/database/Connection.php:495)
[stacktrace]
#0 /Applications/MAMP/htdocs/lumen_o/vendor/illuminate/database/Connection.php(495): PDO->prepare('insert into `bo...')
#1 /Applications/MAMP/htdocs/lumen_o/vendor/illuminate/database/Connection.php(705): Illuminate\\Database\\Connection->Illuminate\\Database\\{closure}('insert into `bo...', Array)
#2 /Applications/MAMP/htdocs/lumen_o/vendor/illuminate/database/Connection.php(672): Illuminate\\Database\\Connection->runQueryCallback('insert into `bo...', Array, Object(Closure))
#3 /Applications/MAMP/htdocs/lumen_o/vendor/illuminate/database/Connection.php(490): Illuminate\\Database\\Connection->run('insert into `bo...', Array, Object(Closure))
#4 /Applications/MAMP/htdocs/lumen_o/vendor/illuminate/database/Connection.php(454): Illuminate\\Database\\Connection->statement('insert into `bo...', Array)
#5 /Applications/MAMP/htdocs/lumen_o/vendor/illuminate/database/Query/Processors/Processor.php(32): Illuminate\\Database\\Connection->insert('insert into `bo...', Array)
#6 /Applications/MAMP/htdocs/lumen_o/vendor/illuminate/database/Query/Builder.php(3028): Illuminate\\Database\\Query\\Processors\\Processor->processInsertGetId(Object(Illuminate\\Database\\Query\\Builder), 'insert into `bo...', Array, 'id')
#7 /Applications/MAMP/htdocs/lumen_o/vendor/illuminate/database/Eloquent/Builder.php(1657): Illuminate\\Database\\Query\\Builder->insertGetId(Array, 'id')
#8 /Applications/MAMP/htdocs/lumen_o/vendor/illuminate/database/Eloquent/Model.php(1188): Illuminate\\Database\\Eloquent\\Builder->__call('insertGetId', Array)
#9 /Applications/MAMP/htdocs/lumen_o/vendor/illuminate/database/Eloquent/Model.php(1153): Illuminate\\Database\\Eloquent\\Model->insertAndSetId(Object(Illuminate\\Database\\Eloquent\\Builder), Array)
#10 /Applications/MAMP/htdocs/lumen_o/vendor/illuminate/database/Eloquent/Model.php(994): Illuminate\\Database\\Eloquent\\Model->performInsert(Object(Illuminate\\Database\\Eloquent\\Builder))
#11 /Applications/MAMP/htdocs/lumen_o/vendor/illuminate/database/Eloquent/Builder.php(896): Illuminate\\Database\\Eloquent\\Model->save()
#12 /Applications/MAMP/htdocs/lumen_o/vendor/illuminate/support/helpers.php(263): Illuminate\\Database\\Eloquent\\Builder->Illuminate\\Database\\Eloquent\\{closure}(Object(App\\Models\\Book))
#13 /Applications/MAMP/htdocs/lumen_o/vendor/illuminate/database/Eloquent/Builder.php(895): tap(Object(App\\Models\\Book), Object(Closure))
#14 /Applications/MAMP/htdocs/lumen_o/vendor/illuminate/support/Traits/ForwardsCalls.php(23): Illuminate\\Database\\Eloquent\\Builder->create(Array)
#15 /Applications/MAMP/htdocs/lumen_o/vendor/illuminate/database/Eloquent/Model.php(2132): Illuminate\\Database\\Eloquent\\Model->forwardCallTo(Object(Illuminate\\Database\\Eloquent\\Builder), 'create', Array)
#16 /Applications/MAMP/htdocs/lumen_o/vendor/illuminate/database/Eloquent/Model.php(2144): Illuminate\\Database\\Eloquent\\Model->__call('create', Array)
#17 /Applications/MAMP/htdocs/lumen_o/app/Http/Controllers/BookController.php(37): Illuminate\\Database\\Eloquent\\Model::__callStatic('create', Array)
#18 /Applications/MAMP/htdocs/lumen_o/vendor/illuminate/container/BoundMethod.php(36): App\\Http\\Controllers\\BookController->save(Object(Laravel\\Lumen\\Http\\Request))
#19 /Applications/MAMP/htdocs/lumen_o/vendor/illuminate/container/Util.php(40): Illuminate\\Container\\BoundMethod::Illuminate\\Container\\{closure}()
#20 /Applications/MAMP/htdocs/lumen_o/vendor/illuminate/container/BoundMethod.php(93): Illuminate\\Container\\Util::unwrapIfClosure(Object(Closure))
#21 /Applications/MAMP/htdocs/lumen_o/vendor/illuminate/container/BoundMethod.php(35): Illuminate\\Container\\BoundMethod::callBoundMethod(Object(Laravel\\Lumen\\Application), Array, Object(Closure))
#22 /Applications/MAMP/htdocs/lumen_o/vendor/illuminate/container/Container.php(653): Illuminate\\Container\\BoundMethod::call(Object(Laravel\\Lumen\\Application), Array, Array, NULL)
#23 /Applications/MAMP/htdocs/lumen_o/vendor/laravel/lumen-framework/src/Concerns/RoutesRequests.php(389): Illuminate\\Container\\Container->call(Array, Array)
#24 /Applications/MAMP/htdocs/lumen_o/vendor/laravel/lumen-framework/src/Concerns/RoutesRequests.php(354): Laravel\\Lumen\\Application->callControllerCallable(Array, Array)
#25 /Applications/MAMP/htdocs/lumen_o/vendor/laravel/lumen-framework/src/Concerns/RoutesRequests.php(329): Laravel\\Lumen\\Application->callLumenController(Object(App\\Http\\Controllers\\BookController), 'save', Array)
#26 /Applications/MAMP/htdocs/lumen_o/vendor/laravel/lumen-framework/src/Concerns/RoutesRequests.php(282): Laravel\\Lumen\\Application->callControllerAction(Array)
#27 /Applications/MAMP/htdocs/lumen_o/vendor/laravel/lumen-framework/src/Concerns/RoutesRequests.php(267): Laravel\\Lumen\\Application->callActionOnArrayBasedRoute(Array)
#28 /Applications/MAMP/htdocs/lumen_o/vendor/laravel/lumen-framework/src/Concerns/RoutesRequests.php(169): Laravel\\Lumen\\Application->handleFoundRoute(Array)
#29 /Applications/MAMP/htdocs/lumen_o/vendor/laravel/lumen-framework/src/Routing/Pipeline.php(48): Laravel\\Lumen\\Application->Laravel\\Lumen\\Concerns\\{closure}(Object(Laravel\\Lumen\\Http\\Request))
#30 /Applications/MAMP/htdocs/lumen_o/app/Http/Middleware/CorsMiddleware.php(31): Laravel\\Lumen\\Routing\\Pipeline->Laravel\\Lumen\\Routing\\{closure}(Object(Laravel\\Lumen\\Http\\Request))
#31 /Applications/MAMP/htdocs/lumen_o/vendor/illuminate/pipeline/Pipeline.php(167): App\\Http\\Middleware\\CorsMiddleware->handle(Object(Laravel\\Lumen\\Http\\Request), Object(Closure))
#32 /Applications/MAMP/htdocs/lumen_o/vendor/laravel/lumen-framework/src/Routing/Pipeline.php(30): Illuminate\\Pipeline\\Pipeline->Illuminate\\Pipeline\\{closure}(Object(Laravel\\Lumen\\Http\\Request))
#33 /Applications/MAMP/htdocs/lumen_o/vendor/illuminate/pipeline/Pipeline.php(103): Laravel\\Lumen\\Routing\\Pipeline->Laravel\\Lumen\\Routing\\{closure}(Object(Laravel\\Lumen\\Http\\Request))
#34 /Applications/MAMP/htdocs/lumen_o/vendor/laravel/lumen-framework/src/Concerns/RoutesRequests.php(426): Illuminate\\Pipeline\\Pipeline->then(Object(Closure))
#35 /Applications/MAMP/htdocs/lumen_o/vendor/laravel/lumen-framework/src/Concerns/RoutesRequests.php(165): Laravel\\Lumen\\Application->sendThroughPipeline(Array, Object(Closure))
#36 /Applications/MAMP/htdocs/lumen_o/vendor/laravel/lumen-framework/src/Concerns/RoutesRequests.php(112): Laravel\\Lumen\\Application->dispatch(NULL)
#37 /Applications/MAMP/htdocs/lumen_o/public/index.php(28): Laravel\\Lumen\\Application->run()
#38 {main}
"} 
